<?xml version="1.0" encoding="UTF-8"?>
<!-- Generated by org.testng.reporters.JUnitXMLReporter -->
<testsuite hostname="LAPTOP-JVD1LLMC" ignored="0" name="Test1" tests="4" failures="0" timestamp="2021-11-15T02:31:56 IST" time="0.004" errors="0">
  <testcase name="test1" time="0.001" classname="com.project.TNG_004"/>
  <testcase name="test4" time="0.001" classname="com.project.TNG_004"/>
  <testcase name="test2" time="0.002" classname="com.project.TNG_004"/>
  <testcase name="test3" time="0.002" classname="com.project.TNG_004"/>
</testsuite> <!-- Test1 -->
