<?xml version="1.0" encoding="UTF-8"?>
<testng-results skipped="0" failed="0" ignored="0" total="1" passed="1">
  <reporter-output>
  </reporter-output>
  <suite name="Default suite" duration-ms="8209" started-at="2022-01-24T18:24:38Z" finished-at="2022-01-24T18:24:46Z">
    <groups>
    </groups>
    <test name="Default test" duration-ms="8209" started-at="2022-01-24T18:24:38Z" finished-at="2022-01-24T18:24:46Z">
      <class name="switches.Notification_alert">
        <test-method status="PASS" signature="beforeMethod()[pri:0, instance:switches.Notification_alert@5be6e01c]" name="beforeMethod" is-config="true" duration-ms="8193" started-at="2022-01-24T18:24:38Z" finished-at="2022-01-24T18:24:46Z">
          <reporter-output>
          </reporter-output>
        </test-method> <!-- beforeMethod -->
        <test-method status="PASS" signature="f()[pri:0, instance:switches.Notification_alert@5be6e01c]" name="f" duration-ms="3" started-at="2022-01-24T18:24:46Z" finished-at="2022-01-24T18:24:46Z">
          <reporter-output>
          </reporter-output>
        </test-method> <!-- f -->
        <test-method status="PASS" signature="afterMethod()[pri:0, instance:switches.Notification_alert@5be6e01c]" name="afterMethod" is-config="true" duration-ms="0" started-at="2022-01-24T18:24:46Z" finished-at="2022-01-24T18:24:46Z">
          <reporter-output>
          </reporter-output>
        </test-method> <!-- afterMethod -->
      </class> <!-- switches.Notification_alert -->
    </test> <!-- Default test -->
  </suite> <!-- Default suite -->
</testng-results>
